{"C:\\Users\\User\\class-components\\class-components\\src\\App.tsx": {"path":"C:\\Users\\User\\class-components\\class-components\\src\\App.tsx","statementMap":{"0":{"start":{"line":33,"column":13},"end":{"line":44,"column":null}},"1":{"start":{"line":48,"column":2},"end":{"line":53,"column":null}},"2":{"start":{"line":19,"column":4},"end":{"line":19,"column":null}},"3":{"start":{"line":21,"column":4},"end":{"line":26,"column":null}},"4":{"start":{"line":30,"column":4},"end":{"line":30,"column":null}},"5":{"start":{"line":34,"column":4},"end":{"line":34,"column":null}},"6":{"start":{"line":36,"column":4},"end":{"line":44,"column":null}},"7":{"start":{"line":38,"column":6},"end":{"line":38,"column":null}},"8":{"start":{"line":38,"column":31},"end":{"line":38,"column":51}},"9":{"start":{"line":40,"column":19},"end":{"line":40,"column":43}},"10":{"start":{"line":42,"column":6},"end":{"line":42,"column":null}},"11":{"start":{"line":44,"column":6},"end":{"line":44,"column":null}},"12":{"start":{"line":50,"column":4},"end":{"line":50,"column":null}},"13":{"start":{"line":50,"column":37},"end":{"line":50,"column":null}},"14":{"start":{"line":52,"column":4},"end":{"line":52,"column":null}},"15":{"start":{"line":53,"column":4},"end":{"line":53,"column":null}},"16":{"start":{"line":57,"column":38},"end":{"line":57,"column":null}},"17":{"start":{"line":59,"column":4},"end":{"line":79,"column":null}}},"fnMap":{"0":{"name":"(anonymous_0)","decl":{"start":{"line":18,"column":2},"end":{"line":18,"column":14}},"loc":{"start":{"line":18,"column":25},"end":{"line":26,"column":null}},"line":18},"1":{"name":"(anonymous_1)","decl":{"start":{"line":29,"column":2},"end":{"line":29,"column":22}},"loc":{"start":{"line":29,"column":22},"end":{"line":30,"column":null}},"line":29},"2":{"name":"(anonymous_2)","decl":{"start":{"line":33,"column":13},"end":{"line":33,"column":20}},"loc":{"start":{"line":33,"column":39},"end":{"line":44,"column":null}},"line":33},"3":{"name":"(anonymous_3)","decl":{"start":{"line":38,"column":16},"end":{"line":38,"column":24}},"loc":{"start":{"line":38,"column":31},"end":{"line":38,"column":51}},"line":38},"4":{"name":"(anonymous_4)","decl":{"start":{"line":48,"column":2},"end":{"line":48,"column":18}},"loc":{"start":{"line":48,"column":36},"end":{"line":53,"column":null}},"line":48},"5":{"name":"(anonymous_5)","decl":{"start":{"line":56,"column":2},"end":{"line":56,"column":11}},"loc":{"start":{"line":56,"column":11},"end":{"line":79,"column":null}},"line":56}},"branchMap":{"0":{"loc":{"start":{"line":25,"column":14},"end":{"line":25,"column":null}},"type":"binary-expr","locations":[{"start":{"line":25,"column":14},"end":{"line":25,"column":44}},{"start":{"line":25,"column":48},"end":{"line":25,"column":null}}],"line":25},"1":{"loc":{"start":{"line":50,"column":4},"end":{"line":50,"column":null}},"type":"if","locations":[{"start":{"line":50,"column":4},"end":{"line":50,"column":null}},{"start":{},"end":{}}],"line":50},"2":{"loc":{"start":{"line":66,"column":11},"end":{"line":66,"column":null}},"type":"binary-expr","locations":[{"start":{"line":66,"column":11},"end":{"line":66,"column":22}},{"start":{"line":66,"column":22},"end":{"line":66,"column":null}}],"line":66},"3":{"loc":{"start":{"line":68,"column":11},"end":{"line":68,"column":null}},"type":"binary-expr","locations":[{"start":{"line":68,"column":11},"end":{"line":68,"column":20}},{"start":{"line":68,"column":20},"end":{"line":68,"column":null}}],"line":68},"4":{"loc":{"start":{"line":70,"column":11},"end":{"line":71,"column":null}},"type":"binary-expr","locations":[{"start":{"line":70,"column":11},"end":{"line":70,"column":23}},{"start":{"line":70,"column":23},"end":{"line":70,"column":45}},{"start":{"line":70,"column":45},"end":{"line":70,"column":null}},{"start":{"line":71,"column":12},"end":{"line":71,"column":null}}],"line":70}},"s":{"0":5,"1":1,"2":4,"3":4,"4":4,"5":5,"6":5,"7":5,"8":5,"9":5,"10":4,"11":1,"12":1,"13":0,"14":1,"15":1,"16":14,"17":14},"f":{"0":4,"1":4,"2":5,"3":5,"4":1,"5":14},"b":{"0":[4,4],"1":[0,1],"2":[14,5],"3":[14,1],"4":[14,9,6,5]},"meta":{"lastBranch":5,"lastFunction":6,"lastStatement":18,"seen":{"s:33:13:44:Infinity":0,"s:48:2:53:Infinity":1,"f:18:2:18:14":0,"s:19:4:19:Infinity":2,"s:21:4:26:Infinity":3,"b:25:14:25:44:25:48:25:Infinity":0,"f:29:2:29:22":1,"s:30:4:30:Infinity":4,"f:33:13:33:20":2,"s:34:4:34:Infinity":5,"s:36:4:44:Infinity":6,"s:38:6:38:Infinity":7,"f:38:16:38:24":3,"s:38:31:38:51":8,"s:40:19:40:43":9,"s:42:6:42:Infinity":10,"s:44:6:44:Infinity":11,"f:48:2:48:18":4,"b:50:4:50:Infinity:undefined:undefined:undefined:undefined":1,"s:50:4:50:Infinity":12,"s:50:37:50:Infinity":13,"s:52:4:52:Infinity":14,"s:53:4:53:Infinity":15,"f:56:2:56:11":5,"s:57:38:57:Infinity":16,"s:59:4:79:Infinity":17,"b:66:11:66:22:66:22:66:Infinity":2,"b:68:11:68:20:68:20:68:Infinity":3,"b:70:11:70:23:70:23:70:45:70:45:70:Infinity:71:12:71:Infinity":4}}}
,"C:\\Users\\User\\class-components\\class-components\\src\\api\\api.ts": {"path":"C:\\Users\\User\\class-components\\class-components\\src\\api\\api.ts","statementMap":{"0":{"start":{"line":3,"column":26},"end":{"line":19,"column":null}},"1":{"start":{"line":4,"column":14},"end":{"line":6,"column":null}},"2":{"start":{"line":8,"column":14},"end":{"line":8,"column":30}},"3":{"start":{"line":10,"column":2},"end":{"line":11,"column":null}},"4":{"start":{"line":11,"column":4},"end":{"line":11,"column":null}},"5":{"start":{"line":14,"column":15},"end":{"line":14,"column":31}},"6":{"start":{"line":16,"column":2},"end":{"line":19,"column":null}},"7":{"start":{"line":16,"column":42},"end":{"line":19,"column":5}}},"fnMap":{"0":{"name":"(anonymous_0)","decl":{"start":{"line":3,"column":26},"end":{"line":3,"column":33}},"loc":{"start":{"line":3,"column":74},"end":{"line":19,"column":null}},"line":3},"1":{"name":"(anonymous_1)","decl":{"start":{"line":16,"column":22},"end":{"line":16,"column":27}},"loc":{"start":{"line":16,"column":42},"end":{"line":19,"column":5}},"line":16}},"branchMap":{"0":{"loc":{"start":{"line":3,"column":33},"end":{"line":3,"column":74}},"type":"default-arg","locations":[{"start":{"line":3,"column":50},"end":{"line":3,"column":74}}],"line":3},"1":{"loc":{"start":{"line":4,"column":14},"end":{"line":6,"column":null}},"type":"cond-expr","locations":[{"start":{"line":5,"column":6},"end":{"line":5,"column":null}},{"start":{"line":6,"column":6},"end":{"line":6,"column":null}}],"line":4},"2":{"loc":{"start":{"line":10,"column":2},"end":{"line":11,"column":null}},"type":"if","locations":[{"start":{"line":10,"column":2},"end":{"line":11,"column":null}},{"start":{},"end":{}}],"line":10}},"s":{"0":1,"1":3,"2":3,"3":3,"4":1,"5":2,"6":2,"7":1},"f":{"0":3,"1":1},"b":{"0":[3],"1":[2,1],"2":[1,2]},"meta":{"lastBranch":3,"lastFunction":2,"lastStatement":8,"seen":{"s:3:26:19:Infinity":0,"f:3:26:3:33":0,"b:3:50:3:74":0,"s:4:14:6:Infinity":1,"b:5:6:5:Infinity:6:6:6:Infinity":1,"s:8:14:8:30":2,"b:10:2:11:Infinity:undefined:undefined:undefined:undefined":2,"s:10:2:11:Infinity":3,"s:11:4:11:Infinity":4,"s:14:15:14:31":5,"s:16:2:19:Infinity":6,"f:16:22:16:27":1,"s:16:42:19:5":7}}}
,"C:\\Users\\User\\class-components\\class-components\\src\\components\\Card.tsx": {"path":"C:\\Users\\User\\class-components\\class-components\\src\\components\\Card.tsx","statementMap":{"0":{"start":{"line":10,"column":21},"end":{"line":10,"column":null}},"1":{"start":{"line":12,"column":4},"end":{"line":15,"column":null}}},"fnMap":{"0":{"name":"(anonymous_0)","decl":{"start":{"line":9,"column":2},"end":{"line":9,"column":11}},"loc":{"start":{"line":9,"column":11},"end":{"line":15,"column":null}},"line":9}},"branchMap":{},"s":{"0":5,"1":5},"f":{"0":5},"b":{},"meta":{"lastBranch":0,"lastFunction":1,"lastStatement":2,"seen":{"f:9:2:9:11":0,"s:10:21:10:Infinity":0,"s:12:4:15:Infinity":1}}}
,"C:\\Users\\User\\class-components\\class-components\\src\\components\\CardList.tsx": {"path":"C:\\Users\\User\\class-components\\class-components\\src\\components\\CardList.tsx","statementMap":{"0":{"start":{"line":11,"column":4},"end":{"line":16,"column":null}},"1":{"start":{"line":14,"column":10},"end":{"line":14,"column":null}}},"fnMap":{"0":{"name":"(anonymous_0)","decl":{"start":{"line":10,"column":2},"end":{"line":10,"column":11}},"loc":{"start":{"line":10,"column":11},"end":{"line":16,"column":null}},"line":10},"1":{"name":"(anonymous_1)","decl":{"start":{"line":13,"column":26},"end":{"line":13,"column":31}},"loc":{"start":{"line":14,"column":10},"end":{"line":14,"column":null}},"line":14}},"branchMap":{},"s":{"0":16,"1":5},"f":{"0":16,"1":5},"b":{},"meta":{"lastBranch":0,"lastFunction":2,"lastStatement":2,"seen":{"f:10:2:10:11":0,"s:11:4:16:Infinity":0,"f:13:26:13:31":1,"s:14:10:14:Infinity":1}}}
,"C:\\Users\\User\\class-components\\class-components\\src\\components\\ErrorBoundary.tsx": {"path":"C:\\Users\\User\\class-components\\class-components\\src\\components\\ErrorBoundary.tsx","statementMap":{"0":{"start":{"line":21,"column":2},"end":{"line":22,"column":null}},"1":{"start":{"line":9,"column":4},"end":{"line":9,"column":null}},"2":{"start":{"line":10,"column":4},"end":{"line":10,"column":null}},"3":{"start":{"line":14,"column":4},"end":{"line":14,"column":null}},"4":{"start":{"line":18,"column":4},"end":{"line":18,"column":null}},"5":{"start":{"line":22,"column":4},"end":{"line":22,"column":null}},"6":{"start":{"line":26,"column":4},"end":{"line":31,"column":null}},"7":{"start":{"line":27,"column":6},"end":{"line":31,"column":null}},"8":{"start":{"line":35,"column":4},"end":{"line":35,"column":null}}},"fnMap":{"0":{"name":"(anonymous_0)","decl":{"start":{"line":8,"column":2},"end":{"line":8,"column":14}},"loc":{"start":{"line":8,"column":26},"end":{"line":10,"column":null}},"line":8},"1":{"name":"(anonymous_1)","decl":{"start":{"line":13,"column":9},"end":{"line":13,"column":36}},"loc":{"start":{"line":13,"column":36},"end":{"line":14,"column":null}},"line":13},"2":{"name":"(anonymous_2)","decl":{"start":{"line":17,"column":2},"end":{"line":17,"column":20}},"loc":{"start":{"line":17,"column":34},"end":{"line":18,"column":null}},"line":17},"3":{"name":"(anonymous_3)","decl":{"start":{"line":21,"column":2},"end":{"line":21,"column":22}},"loc":{"start":{"line":21,"column":22},"end":{"line":22,"column":null}},"line":21},"4":{"name":"(anonymous_4)","decl":{"start":{"line":25,"column":2},"end":{"line":25,"column":11}},"loc":{"start":{"line":25,"column":11},"end":{"line":35,"column":null}},"line":25}},"branchMap":{"0":{"loc":{"start":{"line":26,"column":4},"end":{"line":31,"column":null}},"type":"if","locations":[{"start":{"line":26,"column":4},"end":{"line":31,"column":null}},{"start":{},"end":{}}],"line":26}},"s":{"0":1,"1":6,"2":6,"3":4,"4":2,"5":1,"6":11,"7":5,"8":6},"f":{"0":6,"1":1,"2":2,"3":1,"4":11},"b":{"0":[5,6]},"meta":{"lastBranch":1,"lastFunction":5,"lastStatement":9,"seen":{"s:21:2:22:Infinity":0,"f:8:2:8:14":0,"s:9:4:9:Infinity":1,"s:10:4:10:Infinity":2,"f:13:9:13:36":1,"s:14:4:14:Infinity":3,"f:17:2:17:20":2,"s:18:4:18:Infinity":4,"f:21:2:21:22":3,"s:22:4:22:Infinity":5,"f:25:2:25:11":4,"b:26:4:31:Infinity:undefined:undefined:undefined:undefined":0,"s:26:4:31:Infinity":6,"s:27:6:31:Infinity":7,"s:35:4:35:Infinity":8}}}
,"C:\\Users\\User\\class-components\\class-components\\src\\components\\ErrorMessage.tsx": {"path":"C:\\Users\\User\\class-components\\class-components\\src\\components\\ErrorMessage.tsx","statementMap":{"0":{"start":{"line":9,"column":4},"end":{"line":9,"column":null}}},"fnMap":{"0":{"name":"(anonymous_0)","decl":{"start":{"line":8,"column":2},"end":{"line":8,"column":11}},"loc":{"start":{"line":8,"column":11},"end":{"line":9,"column":null}},"line":8}},"branchMap":{},"s":{"0":1},"f":{"0":1},"b":{},"meta":{"lastBranch":0,"lastFunction":1,"lastStatement":1,"seen":{"f:8:2:8:11":0,"s:9:4:9:Infinity":0}}}
,"C:\\Users\\User\\class-components\\class-components\\src\\components\\ErrorTestButton.tsx": {"path":"C:\\Users\\User\\class-components\\class-components\\src\\components\\ErrorTestButton.tsx","statementMap":{"0":{"start":{"line":4,"column":2},"end":{"line":5,"column":null}},"1":{"start":{"line":5,"column":4},"end":{"line":5,"column":null}},"2":{"start":{"line":9,"column":4},"end":{"line":9,"column":null}}},"fnMap":{"0":{"name":"(anonymous_0)","decl":{"start":{"line":4,"column":2},"end":{"line":4,"column":22}},"loc":{"start":{"line":4,"column":22},"end":{"line":5,"column":null}},"line":4},"1":{"name":"(anonymous_1)","decl":{"start":{"line":8,"column":2},"end":{"line":8,"column":11}},"loc":{"start":{"line":8,"column":11},"end":{"line":9,"column":null}},"line":8}},"branchMap":{},"s":{"0":1,"1":1,"2":15},"f":{"0":1,"1":15},"b":{},"meta":{"lastBranch":0,"lastFunction":2,"lastStatement":3,"seen":{"s:4:2:5:Infinity":0,"f:4:2:4:22":0,"s:5:4:5:Infinity":1,"f:8:2:8:11":1,"s:9:4:9:Infinity":2}}}
,"C:\\Users\\User\\class-components\\class-components\\src\\components\\Loader.tsx": {"path":"C:\\Users\\User\\class-components\\class-components\\src\\components\\Loader.tsx","statementMap":{"0":{"start":{"line":5,"column":4},"end":{"line":5,"column":null}}},"fnMap":{"0":{"name":"(anonymous_0)","decl":{"start":{"line":4,"column":2},"end":{"line":4,"column":11}},"loc":{"start":{"line":4,"column":11},"end":{"line":5,"column":null}},"line":4}},"branchMap":{},"s":{"0":5},"f":{"0":5},"b":{},"meta":{"lastBranch":0,"lastFunction":1,"lastStatement":1,"seen":{"f:4:2:4:11":0,"s:5:4:5:Infinity":0}}}
,"C:\\Users\\User\\class-components\\class-components\\src\\components\\Search.tsx": {"path":"C:\\Users\\User\\class-components\\class-components\\src\\components\\Search.tsx","statementMap":{"0":{"start":{"line":22,"column":2},"end":{"line":23,"column":null}},"1":{"start":{"line":26,"column":2},"end":{"line":33,"column":null}},"2":{"start":{"line":13,"column":4},"end":{"line":13,"column":null}},"3":{"start":{"line":15,"column":18},"end":{"line":15,"column":48}},"4":{"start":{"line":17,"column":4},"end":{"line":19,"column":null}},"5":{"start":{"line":23,"column":4},"end":{"line":23,"column":null}},"6":{"start":{"line":27,"column":20},"end":{"line":27,"column":43}},"7":{"start":{"line":30,"column":4},"end":{"line":30,"column":null}},"8":{"start":{"line":30,"column":52},"end":{"line":30,"column":null}},"9":{"start":{"line":32,"column":4},"end":{"line":32,"column":null}},"10":{"start":{"line":33,"column":4},"end":{"line":33,"column":null}},"11":{"start":{"line":37,"column":4},"end":{"line":48,"column":null}}},"fnMap":{"0":{"name":"(anonymous_0)","decl":{"start":{"line":12,"column":2},"end":{"line":12,"column":14}},"loc":{"start":{"line":12,"column":28},"end":{"line":19,"column":null}},"line":12},"1":{"name":"(anonymous_1)","decl":{"start":{"line":22,"column":2},"end":{"line":22,"column":18}},"loc":{"start":{"line":22,"column":61},"end":{"line":23,"column":null}},"line":22},"2":{"name":"(anonymous_2)","decl":{"start":{"line":26,"column":2},"end":{"line":26,"column":23}},"loc":{"start":{"line":26,"column":23},"end":{"line":33,"column":null}},"line":26},"3":{"name":"(anonymous_3)","decl":{"start":{"line":36,"column":2},"end":{"line":36,"column":11}},"loc":{"start":{"line":36,"column":11},"end":{"line":48,"column":null}},"line":36}},"branchMap":{"0":{"loc":{"start":{"line":18,"column":13},"end":{"line":18,"column":null}},"type":"cond-expr","locations":[{"start":{"line":18,"column":21},"end":{"line":18,"column":29}},{"start":{"line":18,"column":29},"end":{"line":18,"column":null}}],"line":18},"1":{"loc":{"start":{"line":30,"column":4},"end":{"line":30,"column":null}},"type":"if","locations":[{"start":{"line":30,"column":4},"end":{"line":30,"column":null}},{"start":{},"end":{}}],"line":30}},"s":{"0":3,"1":3,"2":8,"3":8,"4":8,"5":3,"6":3,"7":3,"8":1,"9":2,"10":2,"11":21},"f":{"0":8,"1":3,"2":3,"3":21},"b":{"0":[2,6],"1":[1,2]},"meta":{"lastBranch":2,"lastFunction":4,"lastStatement":12,"seen":{"s:22:2:23:Infinity":0,"s:26:2:33:Infinity":1,"f:12:2:12:14":0,"s:13:4:13:Infinity":2,"s:15:18:15:48":3,"s:17:4:19:Infinity":4,"b:18:21:18:29:18:29:18:Infinity":0,"f:22:2:22:18":1,"s:23:4:23:Infinity":5,"f:26:2:26:23":2,"s:27:20:27:43":6,"b:30:4:30:Infinity:undefined:undefined:undefined:undefined":1,"s:30:4:30:Infinity":7,"s:30:52:30:Infinity":8,"s:32:4:32:Infinity":9,"s:33:4:33:Infinity":10,"f:36:2:36:11":3,"s:37:4:48:Infinity":11}}}
,"C:\\Users\\User\\class-components\\class-components\\src\\types\\Item.ts": {"path":"C:\\Users\\User\\class-components\\class-components\\src\\types\\Item.ts","statementMap":{},"fnMap":{},"branchMap":{},"s":{},"f":{},"b":{},"meta":{"lastBranch":0,"lastFunction":0,"lastStatement":0,"seen":{}}}
}
